let f = 90;
undefined
document;
#document (about:blank)<html>​<head>​</head>​<body>​</body>​</html>​
{
 var d = 90;   
}
undefined
d;
90
var add1 = function add(a , b){
    var t = 90;
    return a + b;
}
undefined
t;
VM1456:1 Uncaught ReferenceError: t is not defined
    at <anonymous>:1:1
(anonymous) @ VM1456:1
{
    let h = 90;
    console.log(h);
}
console.log(h);
VM1556:3 90
VM1556:5 Uncaught ReferenceError: h is not defined
    at <anonymous>:5:13
(anonymous) @ VM1556:5
let g = 90;
undefined
{
    let g = 89;
    console.log(g);
    {
        let g = 78;
        console.log(g);
        {
            let g = 90;
            console.log(g);
        }
    }
}
VM1740:3 89
VM1740:6 78
VM1740:9 90
undefined
{
    let g = 89;
    console.log(g);
    {
        let g = 78;
        console.log(g);
        {
            
            console.log(g);
        }
    }
}
VM1745:3 89
VM1745:6 78
VM1745:9 78
undefined
{
    
    console.log(g);
    {
       
        console.log(g);
        {
            
            console.log(g);
        }
    }
}
VM1749:3 90
VM1749:6 90
VM1749:9 90
undefined
const k ;
VM1779:1 Uncaught SyntaxError: Missing initializer in const declaration
const k = 30;
undefined
k = 78;
VM1804:1 Uncaught TypeError: Assignment to constant variable.
    at <anonymous>:1:3
(anonymous) @ VM1804:1
const r = [1,2,5,7];
undefined
r[2] = 90;
90
r;
(4) [1, 2, 90, 7]0: 11: 22: 903: 7length: 4[[Prototype]]: Array(0)
r = [8];
VM1906:1 Uncaught TypeError: Assignment to constant variable.
    at <anonymous>:1:3
(anonymous) @ VM1906:1
r = [8]
VM1912:1 Uncaught TypeError: Assignment to constant variable.
    at <anonymous>:1:3
(anonymous) @ VM1912:1
//Hoisting
undefined
//Declaration on top 
undefined
console.log(ab);
var ab = 90;
VM2067:1 undefined
undefined
