console.log("Hello World");
VM114:1 Hello World
undefined
console;
console {debug: ƒ, error: ƒ, info: ƒ, log: ƒ, warn: ƒ, …}assert: ƒ assert()clear: ƒ clear()context: ƒ context()count: ƒ count()countReset: ƒ countReset()createTask: ƒ createTask()debug: ƒ debug()dir: ƒ dir()dirxml: ƒ dirxml()error: ƒ error()group: ƒ group()groupCollapsed: ƒ groupCollapsed()groupEnd: ƒ groupEnd()info: ƒ info()log: ƒ log()memory: MemoryInfo {totalJSHeapSize: 10000000, usedJSHeapSize: 10000000, jsHeapSizeLimit: 3760000000}profile: ƒ profile()profileEnd: ƒ profileEnd()table: ƒ table()time: ƒ time()timeEnd: ƒ timeEnd()timeLog: ƒ timeLog()timeStamp: ƒ timeStamp()trace: ƒ trace()warn: ƒ warn()Symbol(Symbol.toStringTag): "console"[[Prototype]]: Object
console.error("This is an Error");
VM223:1 This is an Error
(anonymous) @ VM223:1
undefined
console.warn("This is a Warning");
VM244:1 This is a Warning
(anonymous) @ VM244:1
undefined
console.info("This is a Warning");
VM254:1 This is a Warning
undefined
var a = 10;
undefined
a;
10
alert("Hello");
undefined
//Datatypes 
undefined
// 1.Primitive Datatypes
undefined
// 2.  Non Primitive DataTypes
undefined
1. number
VM558:1 Uncaught SyntaxError: Unexpected identifier 'number'
// 1. number 
// 2. string
// 3. null
// 4. undefined
// 5. bigint
// 6. boolean
// 7. Symbol
undefined
var a  =10;
undefined
typeof a;
'number'
var a  =10.897;
undefined
typeof a;
'number'
a = "Yash"
'Yash'
typeof a;
'string'
'sfdsds';
'sfdsds'
"sadsd"
'sadsd'
`dsfdsfdsddsff`
'dsfdsfdsddsff'
"jshjdsukshus
    iahdsa"
VM935:1 Uncaught SyntaxError: Invalid or unexpected token
'sdjsskjskjhskjsdhkjsjks
    jawjsksjs'
VM956:1 Uncaught SyntaxError: Invalid or unexpected token
`sdkhfsdkjhsdkjfhkjhkj
shjkshfsjhkjhsdkj`
'sdkhfsdkjhsdkjfhkjhkj\nshjkshfsjhkjhsdkj'
a = "10";
'10'
parseInt(a);
10
a = "Yash";
'Yash'
parseInt(a);
NaN
typeof NaN;
'number'
isNaN("Yash");
true
a = "Yash";
'Yash'
a.toLowerCase();
'yash'
a.toUpperCase();
'YASH'
a.charAt(2);
's'
a.indexOf('s');
2
a.substring(1, 3);
'as'
a.length;
4
a.includes('a');
true
a.slice(2);
'sh'
a = "                         jkdsfs           sjfsj                     ";
'                         jkdsfs           sjfsj                     '
a.trim();
'jkdsfs           sjfsj'
a;
'                         jkdsfs           sjfsj                     '
a.trimStart();
'jkdsfs           sjfsj                     '
a.trimEnd();
'                         jkdsfs           sjfsj'
//boolean
undefined
a = true;
true
a = false;
false
typeof a;
'boolean'
//bigint
undefined
Number.MAX_VALUE;
1.7976931348623157e+308
a = 983789347749749734987347359874387438934787498738974389734987348974389734897348943789438943784935789;
9.837893477497497e+98
typeof a;
'number'
a = 983789347749749734987347359874387438934787498738974389734987348974389734897348943789438943784935789n;
983789347749749734987347359874387438934787498738974389734987348974389734897348943789438943784935789n
typeof a;
'bigint'
//undefined
undefined
var b;
undefined
var b = 90;
undefined
b = 80
80
var c;
undefined
typeof c;
'undefined'
c;
undefined
c = undefined;
undefined
c;
undefined
//null
undefined
a = [];
[]
a;
[]
a = null;
null
a = 10;
10
a = null;
null
typeof a;;
'object'
//Symbol
undefined
a = "Yash";
'Yash'
b = "Yash";
'Yash'
a == b;
true
a = Symbol("Yash");
Symbol(Yash)
b = Symbol("Yash");
Symbol(Yash)
a == b;
false
